This is pdfTeX, Version 3.141592653-2.6-1.40.22 (MiKTeX 21.2) (preloaded format=pdflatex 2023.4.14)  22 JAN 2024 09:47
entering extended mode
**"./X-Ray Diffraction Lab.tex"
(X-Ray Diffraction Lab.tex
LaTeX2e <2020-10-01> patch level 4
L3 programming layer <2021-02-18> xparse <2020-03-03>
(C:\Users\kales\AppData\Local\MiKTeX\tex/latex/base\article.cls
Document Class: article 2020/04/10 v1.4m Standard LaTeX document class
(C:\Users\kales\AppData\Local\MiKTeX\tex/latex/base\size10.clo
File: size10.clo 2020/04/10 v1.4m Standard LaTeX file (size option)
)
\c@part=\count179
\c@section=\count180
\c@subsection=\count181
\c@subsubsection=\count182
\c@paragraph=\count183
\c@subparagraph=\count184
\c@figure=\count185
\c@table=\count186
\abovecaptionskip=\skip47
\belowcaptionskip=\skip48
\bibindent=\dimen138
)
(C:\Users\kales\AppData\Local\MiKTeX\tex/latex/base\inputenc.sty
Package: inputenc 2020/08/01 v1.3d Input encoding file
\inpenc@prehook=\toks15
\inpenc@posthook=\toks16
)
(C:\Users\kales\AppData\Local\MiKTeX\tex/latex/geometry\geometry.sty
Package: geometry 2020/01/02 v5.9 Page Geometry

(C:\Users\kales\AppData\Local\MiKTeX\tex/latex/graphics\keyval.sty
Package: keyval 2014/10/28 v1.15 key=value parser (DPC)
\KV@toks@=\toks17
)
(C:\Users\kales\AppData\Local\MiKTeX\tex/generic/iftex\ifvtex.sty
Package: ifvtex 2019/10/25 v1.7 ifvtex legacy package. Use iftex instead.

(C:\Users\kales\AppData\Local\MiKTeX\tex/generic/iftex\iftex.sty
Package: iftex 2020/03/06 v1.0d TeX engine tests
))
\Gm@cnth=\count187
\Gm@cntv=\count188
\c@Gm@tempcnt=\count189
\Gm@bindingoffset=\dimen139
\Gm@wd@mp=\dimen140
\Gm@odd@mp=\dimen141
\Gm@even@mp=\dimen142
\Gm@layoutwidth=\dimen143
\Gm@layoutheight=\dimen144
\Gm@layouthoffset=\dimen145
\Gm@layoutvoffset=\dimen146
\Gm@dimlist=\toks18

(C:\Users\kales\AppData\Local\MiKTeX\tex/latex/geometry\geometry.cfg))
(C:\Users\kales\AppData\Local\MiKTeX\tex/latex/amsmath\amsmath.sty
Package: amsmath 2020/09/23 v2.17i AMS math features
\@mathmargin=\skip49

For additional information on amsmath, use the `?' option.
(C:\Users\kales\AppData\Local\MiKTeX\tex/latex/amsmath\amstext.sty
Package: amstext 2000/06/29 v2.01 AMS text

(C:\Users\kales\AppData\Local\MiKTeX\tex/latex/amsmath\amsgen.sty
File: amsgen.sty 1999/11/30 v2.0 generic functions
\@emptytoks=\toks19
\ex@=\dimen147
))
(C:\Users\kales\AppData\Local\MiKTeX\tex/latex/amsmath\amsbsy.sty
Package: amsbsy 1999/11/29 v1.2d Bold Symbols
\pmbraise@=\dimen148
)
(C:\Users\kales\AppData\Local\MiKTeX\tex/latex/amsmath\amsopn.sty
Package: amsopn 2016/03/08 v2.02 operator names
)
\inf@bad=\count190
LaTeX Info: Redefining \frac on input line 234.
\uproot@=\count191
\leftroot@=\count192
LaTeX Info: Redefining \overline on input line 399.
\classnum@=\count193
\DOTSCASE@=\count194
LaTeX Info: Redefining \ldots on input line 496.
LaTeX Info: Redefining \dots on input line 499.
LaTeX Info: Redefining \cdots on input line 620.
\Mathstrutbox@=\box47
\strutbox@=\box48
\big@size=\dimen149
LaTeX Font Info:    Redeclaring font encoding OML on input line 743.
LaTeX Font Info:    Redeclaring font encoding OMS on input line 744.
\macc@depth=\count195
\c@MaxMatrixCols=\count196
\dotsspace@=\muskip16
\c@parentequation=\count197
\dspbrk@lvl=\count198
\tag@help=\toks20
\row@=\count199
\column@=\count266
\maxfields@=\count267
\andhelp@=\toks21
\eqnshift@=\dimen150
\alignsep@=\dimen151
\tagshift@=\dimen152
\tagwidth@=\dimen153
\totwidth@=\dimen154
\lineht@=\dimen155
\@envbody=\toks22
\multlinegap=\skip50
\multlinetaggap=\skip51
\mathdisplay@stack=\toks23
LaTeX Info: Redefining \[ on input line 2923.
LaTeX Info: Redefining \] on input line 2924.
)
(C:\Users\kales\AppData\Local\MiKTeX\tex/latex/amsfonts\amsfonts.sty
Package: amsfonts 2013/01/14 v3.01 Basic AMSFonts support
\symAMSa=\mathgroup4
\symAMSb=\mathgroup5
LaTeX Font Info:    Redeclaring math symbol \hbar on input line 98.
LaTeX Font Info:    Overwriting math alphabet `\mathfrak' in version `bold'
(Font)                  U/euf/m/n --> U/euf/b/n on input line 106.
)
(C:\Users\kales\AppData\Local\MiKTeX\tex/latex/pgf/frontendlayer\tikz.sty
(C:\Users\kales\AppData\Local\MiKTeX\tex/latex/pgf/basiclayer\pgf.sty
(C:\Users\kales\AppData\Local\MiKTeX\tex/latex/pgf/utilities\pgfrcs.sty
(C:\Users\kales\AppData\Local\MiKTeX\tex/generic/pgf/utilities\pgfutil-common.t
ex
\pgfutil@everybye=\toks24
\pgfutil@tempdima=\dimen156
\pgfutil@tempdimb=\dimen157

(C:\Users\kales\AppData\Local\MiKTeX\tex/generic/pgf/utilities\pgfutil-common-l
ists.tex))
(C:\Users\kales\AppData\Local\MiKTeX\tex/generic/pgf/utilities\pgfutil-latex.de
f
\pgfutil@abb=\box49
)
(C:\Users\kales\AppData\Local\MiKTeX\tex/generic/pgf/utilities\pgfrcs.code.tex
(C:\Users\kales\AppData\Local\MiKTeX\tex/generic/pgf\pgf.revision.tex)
Package: pgfrcs 2020/12/27 v3.1.8b (3.1.8b)
))
Package: pgf 2020/12/27 v3.1.8b (3.1.8b)

(C:\Users\kales\AppData\Local\MiKTeX\tex/latex/pgf/basiclayer\pgfcore.sty
(C:\Users\kales\AppData\Local\MiKTeX\tex/latex/graphics\graphicx.sty
Package: graphicx 2020/09/09 v1.2b Enhanced LaTeX Graphics (DPC,SPQR)

(C:\Users\kales\AppData\Local\MiKTeX\tex/latex/graphics\graphics.sty
Package: graphics 2020/08/30 v1.4c Standard LaTeX Graphics (DPC,SPQR)

(C:\Users\kales\AppData\Local\MiKTeX\tex/latex/graphics\trig.sty
Package: trig 2016/01/03 v1.10 sin cos tan (DPC)
)
(C:\Users\kales\AppData\Local\MiKTeX\tex/latex/graphics-cfg\graphics.cfg
File: graphics.cfg 2016/06/04 v1.11 sample graphics configuration
)
Package graphics Info: Driver file: pdftex.def on input line 105.

(C:\Users\kales\AppData\Local\MiKTeX\tex/latex/graphics-def\pdftex.def
File: pdftex.def 2020/10/05 v1.2a Graphics/color driver for pdftex
))
\Gin@req@height=\dimen158
\Gin@req@width=\dimen159
)
(C:\Users\kales\AppData\Local\MiKTeX\tex/latex/pgf/systemlayer\pgfsys.sty
(C:\Users\kales\AppData\Local\MiKTeX\tex/generic/pgf/systemlayer\pgfsys.code.te
x
Package: pgfsys 2020/12/27 v3.1.8b (3.1.8b)

(C:\Users\kales\AppData\Local\MiKTeX\tex/generic/pgf/utilities\pgfkeys.code.tex
\pgfkeys@pathtoks=\toks25
\pgfkeys@temptoks=\toks26

(C:\Users\kales\AppData\Local\MiKTeX\tex/generic/pgf/utilities\pgfkeysfiltered.
code.tex
\pgfkeys@tmptoks=\toks27
))
\pgf@x=\dimen160
\pgf@y=\dimen161
\pgf@xa=\dimen162
\pgf@ya=\dimen163
\pgf@xb=\dimen164
\pgf@yb=\dimen165
\pgf@xc=\dimen166
\pgf@yc=\dimen167
\pgf@xd=\dimen168
\pgf@yd=\dimen169
\w@pgf@writea=\write3
\r@pgf@reada=\read2
\c@pgf@counta=\count268
\c@pgf@countb=\count269
\c@pgf@countc=\count270
\c@pgf@countd=\count271
\t@pgf@toka=\toks28
\t@pgf@tokb=\toks29
\t@pgf@tokc=\toks30
\pgf@sys@id@count=\count272

(C:\Users\kales\AppData\Local\MiKTeX\tex/generic/pgf/systemlayer\pgf.cfg
File: pgf.cfg 2020/12/27 v3.1.8b (3.1.8b)
)
Driver file for pgf: pgfsys-pdftex.def

(C:\Users\kales\AppData\Local\MiKTeX\tex/generic/pgf/systemlayer\pgfsys-pdftex.
def
File: pgfsys-pdftex.def 2020/12/27 v3.1.8b (3.1.8b)

(C:\Users\kales\AppData\Local\MiKTeX\tex/generic/pgf/systemlayer\pgfsys-common-
pdf.def
File: pgfsys-common-pdf.def 2020/12/27 v3.1.8b (3.1.8b)
)))
(C:\Users\kales\AppData\Local\MiKTeX\tex/generic/pgf/systemlayer\pgfsyssoftpath
.code.tex
File: pgfsyssoftpath.code.tex 2020/12/27 v3.1.8b (3.1.8b)
\pgfsyssoftpath@smallbuffer@items=\count273
\pgfsyssoftpath@bigbuffer@items=\count274
)
(C:\Users\kales\AppData\Local\MiKTeX\tex/generic/pgf/systemlayer\pgfsysprotocol
.code.tex
File: pgfsysprotocol.code.tex 2020/12/27 v3.1.8b (3.1.8b)
)) (C:\Users\kales\AppData\Local\MiKTeX\tex/latex/xcolor\xcolor.sty
Package: xcolor 2016/05/11 v2.12 LaTeX color extensions (UK)

(C:\Users\kales\AppData\Local\MiKTeX\tex/latex/graphics-cfg\color.cfg
File: color.cfg 2016/01/02 v1.6 sample color configuration
)
Package xcolor Info: Driver file: pdftex.def on input line 225.
Package xcolor Info: Model `cmy' substituted by `cmy0' on input line 1348.
Package xcolor Info: Model `hsb' substituted by `rgb' on input line 1352.
Package xcolor Info: Model `RGB' extended on input line 1364.
Package xcolor Info: Model `HTML' substituted by `rgb' on input line 1366.
Package xcolor Info: Model `Hsb' substituted by `hsb' on input line 1367.
Package xcolor Info: Model `tHsb' substituted by `hsb' on input line 1368.
Package xcolor Info: Model `HSB' substituted by `hsb' on input line 1369.
Package xcolor Info: Model `Gray' substituted by `gray' on input line 1370.
Package xcolor Info: Model `wave' substituted by `hsb' on input line 1371.
)
(C:\Users\kales\AppData\Local\MiKTeX\tex/generic/pgf/basiclayer\pgfcore.code.te
x
Package: pgfcore 2020/12/27 v3.1.8b (3.1.8b)
 (C:\Users\kales\AppData\Local\MiKTeX\tex/generic/pgf/math\pgfmath.code.tex
(C:\Users\kales\AppData\Local\MiKTeX\tex/generic/pgf/math\pgfmathcalc.code.tex
(C:\Users\kales\AppData\Local\MiKTeX\tex/generic/pgf/math\pgfmathutil.code.tex)

(C:\Users\kales\AppData\Local\MiKTeX\tex/generic/pgf/math\pgfmathparser.code.te
x
\pgfmath@dimen=\dimen170
\pgfmath@count=\count275
\pgfmath@box=\box50
\pgfmath@toks=\toks31
\pgfmath@stack@operand=\toks32
\pgfmath@stack@operation=\toks33
)
(C:\Users\kales\AppData\Local\MiKTeX\tex/generic/pgf/math\pgfmathfunctions.code
.tex
(C:\Users\kales\AppData\Local\MiKTeX\tex/generic/pgf/math\pgfmathfunctions.basi
c.code.tex)
(C:\Users\kales\AppData\Local\MiKTeX\tex/generic/pgf/math\pgfmathfunctions.trig
onometric.code.tex)
(C:\Users\kales\AppData\Local\MiKTeX\tex/generic/pgf/math\pgfmathfunctions.rand
om.code.tex)
(C:\Users\kales\AppData\Local\MiKTeX\tex/generic/pgf/math\pgfmathfunctions.comp
arison.code.tex)
(C:\Users\kales\AppData\Local\MiKTeX\tex/generic/pgf/math\pgfmathfunctions.base
.code.tex)
(C:\Users\kales\AppData\Local\MiKTeX\tex/generic/pgf/math\pgfmathfunctions.roun
d.code.tex)
(C:\Users\kales\AppData\Local\MiKTeX\tex/generic/pgf/math\pgfmathfunctions.misc
.code.tex)
(C:\Users\kales\AppData\Local\MiKTeX\tex/generic/pgf/math\pgfmathfunctions.inte
gerarithmetics.code.tex)))
(C:\Users\kales\AppData\Local\MiKTeX\tex/generic/pgf/math\pgfmathfloat.code.tex
\c@pgfmathroundto@lastzeros=\count276
)) (C:\Users\kales\AppData\Local\MiKTeX\tex/generic/pgf/math\pgfint.code.tex)
(C:\Users\kales\AppData\Local\MiKTeX\tex/generic/pgf/basiclayer\pgfcorepoints.c
ode.tex
File: pgfcorepoints.code.tex 2020/12/27 v3.1.8b (3.1.8b)
\pgf@picminx=\dimen171
\pgf@picmaxx=\dimen172
\pgf@picminy=\dimen173
\pgf@picmaxy=\dimen174
\pgf@pathminx=\dimen175
\pgf@pathmaxx=\dimen176
\pgf@pathminy=\dimen177
\pgf@pathmaxy=\dimen178
\pgf@xx=\dimen179
\pgf@xy=\dimen180
\pgf@yx=\dimen181
\pgf@yy=\dimen182
\pgf@zx=\dimen183
\pgf@zy=\dimen184
)
(C:\Users\kales\AppData\Local\MiKTeX\tex/generic/pgf/basiclayer\pgfcorepathcons
truct.code.tex
File: pgfcorepathconstruct.code.tex 2020/12/27 v3.1.8b (3.1.8b)
\pgf@path@lastx=\dimen185
\pgf@path@lasty=\dimen186
)
(C:\Users\kales\AppData\Local\MiKTeX\tex/generic/pgf/basiclayer\pgfcorepathusag
e.code.tex
File: pgfcorepathusage.code.tex 2020/12/27 v3.1.8b (3.1.8b)
\pgf@shorten@end@additional=\dimen187
\pgf@shorten@start@additional=\dimen188
)
(C:\Users\kales\AppData\Local\MiKTeX\tex/generic/pgf/basiclayer\pgfcorescopes.c
ode.tex
File: pgfcorescopes.code.tex 2020/12/27 v3.1.8b (3.1.8b)
\pgfpic=\box51
\pgf@hbox=\box52
\pgf@layerbox@main=\box53
\pgf@picture@serial@count=\count277
)
(C:\Users\kales\AppData\Local\MiKTeX\tex/generic/pgf/basiclayer\pgfcoregraphics
tate.code.tex
File: pgfcoregraphicstate.code.tex 2020/12/27 v3.1.8b (3.1.8b)
\pgflinewidth=\dimen189
)
(C:\Users\kales\AppData\Local\MiKTeX\tex/generic/pgf/basiclayer\pgfcoretransfor
mations.code.tex
File: pgfcoretransformations.code.tex 2020/12/27 v3.1.8b (3.1.8b)
\pgf@pt@x=\dimen190
\pgf@pt@y=\dimen191
\pgf@pt@temp=\dimen192
)
(C:\Users\kales\AppData\Local\MiKTeX\tex/generic/pgf/basiclayer\pgfcorequick.co
de.tex
File: pgfcorequick.code.tex 2020/12/27 v3.1.8b (3.1.8b)
)
(C:\Users\kales\AppData\Local\MiKTeX\tex/generic/pgf/basiclayer\pgfcoreobjects.
code.tex
File: pgfcoreobjects.code.tex 2020/12/27 v3.1.8b (3.1.8b)
)
(C:\Users\kales\AppData\Local\MiKTeX\tex/generic/pgf/basiclayer\pgfcorepathproc
essing.code.tex
File: pgfcorepathprocessing.code.tex 2020/12/27 v3.1.8b (3.1.8b)
)
(C:\Users\kales\AppData\Local\MiKTeX\tex/generic/pgf/basiclayer\pgfcorearrows.c
ode.tex
File: pgfcorearrows.code.tex 2020/12/27 v3.1.8b (3.1.8b)
\pgfarrowsep=\dimen193
)
(C:\Users\kales\AppData\Local\MiKTeX\tex/generic/pgf/basiclayer\pgfcoreshade.co
de.tex
File: pgfcoreshade.code.tex 2020/12/27 v3.1.8b (3.1.8b)
\pgf@max=\dimen194
\pgf@sys@shading@range@num=\count278
\pgf@shadingcount=\count279
)
(C:\Users\kales\AppData\Local\MiKTeX\tex/generic/pgf/basiclayer\pgfcoreimage.co
de.tex
File: pgfcoreimage.code.tex 2020/12/27 v3.1.8b (3.1.8b)

(C:\Users\kales\AppData\Local\MiKTeX\tex/generic/pgf/basiclayer\pgfcoreexternal
.code.tex
File: pgfcoreexternal.code.tex 2020/12/27 v3.1.8b (3.1.8b)
\pgfexternal@startupbox=\box54
))
(C:\Users\kales\AppData\Local\MiKTeX\tex/generic/pgf/basiclayer\pgfcorelayers.c
ode.tex
File: pgfcorelayers.code.tex 2020/12/27 v3.1.8b (3.1.8b)
)
(C:\Users\kales\AppData\Local\MiKTeX\tex/generic/pgf/basiclayer\pgfcoretranspar
ency.code.tex
File: pgfcoretransparency.code.tex 2020/12/27 v3.1.8b (3.1.8b)
)
(C:\Users\kales\AppData\Local\MiKTeX\tex/generic/pgf/basiclayer\pgfcorepatterns
.code.tex
File: pgfcorepatterns.code.tex 2020/12/27 v3.1.8b (3.1.8b)
)
(C:\Users\kales\AppData\Local\MiKTeX\tex/generic/pgf/basiclayer\pgfcorerdf.code
.tex
File: pgfcorerdf.code.tex 2020/12/27 v3.1.8b (3.1.8b)
)))
(C:\Users\kales\AppData\Local\MiKTeX\tex/generic/pgf/modules\pgfmoduleshapes.co
de.tex
File: pgfmoduleshapes.code.tex 2020/12/27 v3.1.8b (3.1.8b)
\pgfnodeparttextbox=\box55
)
(C:\Users\kales\AppData\Local\MiKTeX\tex/generic/pgf/modules\pgfmoduleplot.code
.tex
File: pgfmoduleplot.code.tex 2020/12/27 v3.1.8b (3.1.8b)
)
(C:\Users\kales\AppData\Local\MiKTeX\tex/latex/pgf/compatibility\pgfcomp-versio
n-0-65.sty
Package: pgfcomp-version-0-65 2020/12/27 v3.1.8b (3.1.8b)
\pgf@nodesepstart=\dimen195
\pgf@nodesepend=\dimen196
)
(C:\Users\kales\AppData\Local\MiKTeX\tex/latex/pgf/compatibility\pgfcomp-versio
n-1-18.sty
Package: pgfcomp-version-1-18 2020/12/27 v3.1.8b (3.1.8b)
))
(C:\Users\kales\AppData\Local\MiKTeX\tex/latex/pgf/utilities\pgffor.sty
(C:\Users\kales\AppData\Local\MiKTeX\tex/latex/pgf/utilities\pgfkeys.sty
(C:\Users\kales\AppData\Local\MiKTeX\tex/generic/pgf/utilities\pgfkeys.code.tex
)) (C:\Users\kales\AppData\Local\MiKTeX\tex/latex/pgf/math\pgfmath.sty
(C:\Users\kales\AppData\Local\MiKTeX\tex/generic/pgf/math\pgfmath.code.tex))
(C:\Users\kales\AppData\Local\MiKTeX\tex/generic/pgf/utilities\pgffor.code.tex
Package: pgffor 2020/12/27 v3.1.8b (3.1.8b)

(C:\Users\kales\AppData\Local\MiKTeX\tex/generic/pgf/math\pgfmath.code.tex)
\pgffor@iter=\dimen197
\pgffor@skip=\dimen198
\pgffor@stack=\toks34
\pgffor@toks=\toks35
))
(C:\Users\kales\AppData\Local\MiKTeX\tex/generic/pgf/frontendlayer/tikz\tikz.co
de.tex
Package: tikz 2020/12/27 v3.1.8b (3.1.8b)

(C:\Users\kales\AppData\Local\MiKTeX\tex/generic/pgf/libraries\pgflibraryplotha
ndlers.code.tex
File: pgflibraryplothandlers.code.tex 2020/12/27 v3.1.8b (3.1.8b)
\pgf@plot@mark@count=\count280
\pgfplotmarksize=\dimen199
)
\tikz@lastx=\dimen256
\tikz@lasty=\dimen257
\tikz@lastxsaved=\dimen258
\tikz@lastysaved=\dimen259
\tikz@lastmovetox=\dimen260
\tikz@lastmovetoy=\dimen261
\tikzleveldistance=\dimen262
\tikzsiblingdistance=\dimen263
\tikz@figbox=\box56
\tikz@figbox@bg=\box57
\tikz@tempbox=\box58
\tikz@tempbox@bg=\box59
\tikztreelevel=\count281
\tikznumberofchildren=\count282
\tikznumberofcurrentchild=\count283
\tikz@fig@count=\count284

(C:\Users\kales\AppData\Local\MiKTeX\tex/generic/pgf/modules\pgfmodulematrix.co
de.tex
File: pgfmodulematrix.code.tex 2020/12/27 v3.1.8b (3.1.8b)
\pgfmatrixcurrentrow=\count285
\pgfmatrixcurrentcolumn=\count286
\pgf@matrix@numberofcolumns=\count287
)
\tikz@expandcount=\count288

(C:\Users\kales\AppData\Local\MiKTeX\tex/generic/pgf/frontendlayer/tikz/librari
es\tikzlibrarytopaths.code.tex
File: tikzlibrarytopaths.code.tex 2020/12/27 v3.1.8b (3.1.8b)
)))
(C:\Users\kales\AppData\Local\MiKTeX\tex/generic/babel\babel.sty
Package: babel 2021/01/26 3.53 The Babel package

(C:\Users\kales\AppData\Local\MiKTeX\tex/generic/babel\babel.def
File: babel.def 2021/01/26 3.53 Babel common definitions
\babel@savecnt=\count289
\U@D=\dimen264
\l@babelnohyphens=\language79

(C:\Users\kales\AppData\Local\MiKTeX\tex/generic/babel\txtbabel.def)
\bbl@readstream=\read3
)
\bbl@dirlevel=\count290

*************************************
* Local config file bblopts.cfg used
*
(C:\Users\kales\AppData\Local\MiKTeX\tex/latex/arabi\bblopts.cfg
File: bblopts.cfg 2005/09/08 v0.1 add Arabic and Farsi to "declared" options of
 babel
)
(C:\Users\kales\AppData\Local\MiKTeX\tex/latex/babel-english\english.ldf
Language: english 2017/06/06 v3.3r English support from the babel system
Package babel Info: \l@canadian = using hyphenrules for english
(babel)             (\language0) on input line 102.
Package babel Info: \l@australian = using hyphenrules for ukenglish
(babel)             (\language73) on input line 105.
Package babel Info: \l@newzealand = using hyphenrules for ukenglish
(babel)             (\language73) on input line 108.
))
(C:\Users\kales\AppData\Local\MiKTeX\tex/latex/amscls\amsthm.sty
Package: amsthm 2020/05/29 v2.20.6
\thm@style=\toks36
\thm@bodyfont=\toks37
\thm@headfont=\toks38
\thm@notefont=\toks39
\thm@headpunct=\toks40
\thm@preskip=\skip52
\thm@postskip=\skip53
\thm@headsep=\skip54
\dth@everypar=\toks41
)
(C:\Users\kales\AppData\Local\MiKTeX\tex/latex/enumitem\enumitem.sty
Package: enumitem 2019/06/20 v3.9 Customized lists
\labelindent=\skip55
\enit@outerparindent=\dimen265
\enit@toks=\toks42
\enit@inbox=\box60
\enit@count@id=\count291
\enitdp@description=\count292
)
(C:\Users\kales\AppData\Local\MiKTeX\tex/latex/fancyhdr\fancyhdr.sty
Package: fancyhdr 2022/11/09 v4.1 Extensive control of page headers and footers

\f@nch@headwidth=\skip56
\f@nch@O@elh=\skip57
\f@nch@O@erh=\skip58
\f@nch@O@olh=\skip59
\f@nch@O@orh=\skip60
\f@nch@O@elf=\skip61
\f@nch@O@erf=\skip62
\f@nch@O@olf=\skip63
\f@nch@O@orf=\skip64
)
(C:\Users\kales\AppData\Local\MiKTeX\tex/latex/caption\subcaption.sty
Package: subcaption 2023/07/28 v1.6b Sub-captions (AR)

(C:\Users\kales\AppData\Local\MiKTeX\tex/latex/caption\caption.sty
Package: caption 2023/08/05 v3.6o Customizing captions (AR)

(C:\Users\kales\AppData\Local\MiKTeX\tex/latex/caption\caption3.sty
Package: caption3 2023/07/31 v2.4d caption3 kernel (AR)
\caption@tempdima=\dimen266
\captionmargin=\dimen267
\caption@leftmargin=\dimen268
\caption@rightmargin=\dimen269
\caption@width=\dimen270
\caption@indent=\dimen271
\caption@parindent=\dimen272
\caption@hangindent=\dimen273
Package caption Info: Standard document class detected.
)
\c@caption@flags=\count293
\c@continuedfloat=\count294
)
Package caption Info: New subtype `subfigure' on input line 238.
\c@subfigure=\count295
Package caption Info: New subtype `subtable' on input line 238.
\c@subtable=\count296
)
(C:\Users\kales\AppData\Local\MiKTeX\tex/latex/float\float.sty
Package: float 2001/11/08 v1.3d Float enhancements (AL)
\c@float@type=\count297
\float@exts=\toks43
\float@box=\box61
\@float@everytoks=\toks44
\@floatcapt=\box62
)
(C:\Users\kales\AppData\Local\MiKTeX\tex/latex/l3backend\l3backend-pdftex.def
File: l3backend-pdftex.def 2021-02-18 L3 backend support: PDF output (pdfTeX)
\l__color_backend_stack_int=\count298
\l__pdf_internal_box=\box63
)
(X-Ray Diffraction Lab.aux)
\openout1 = `"X-Ray Diffraction Lab.aux"'.

LaTeX Font Info:    Checking defaults for OML/cmm/m/it on input line 23.
LaTeX Font Info:    ... okay on input line 23.
LaTeX Font Info:    Checking defaults for OMS/cmsy/m/n on input line 23.
LaTeX Font Info:    ... okay on input line 23.
LaTeX Font Info:    Checking defaults for OT1/cmr/m/n on input line 23.
LaTeX Font Info:    ... okay on input line 23.
LaTeX Font Info:    Checking defaults for T1/cmr/m/n on input line 23.
LaTeX Font Info:    ... okay on input line 23.
LaTeX Font Info:    Checking defaults for TS1/cmr/m/n on input line 23.
LaTeX Font Info:    ... okay on input line 23.
LaTeX Font Info:    Checking defaults for OMX/cmex/m/n on input line 23.
LaTeX Font Info:    ... okay on input line 23.
LaTeX Font Info:    Checking defaults for U/cmr/m/n on input line 23.
LaTeX Font Info:    ... okay on input line 23.

*geometry* driver: auto-detecting
*geometry* detected driver: pdftex
*geometry* verbose mode - [ preamble ] result:
* driver: pdftex
* paper: <default>
* layout: <same size as paper>
* layoutoffset:(h,v)=(0.0pt,0.0pt)
* modes: 
* h-part:(L,W,R)=(72.26999pt, 469.75502pt, 72.26999pt)
* v-part:(T,H,B)=(72.26999pt, 650.43001pt, 72.26999pt)
* \paperwidth=614.295pt
* \paperheight=794.96999pt
* \textwidth=469.75502pt
* \textheight=650.43001pt
* \oddsidemargin=0.0pt
* \evensidemargin=0.0pt
* \topmargin=-37.0pt
* \headheight=12.0pt
* \headsep=25.0pt
* \topskip=10.0pt
* \footskip=30.0pt
* \marginparwidth=65.0pt
* \marginparsep=11.0pt
* \columnsep=10.0pt
* \skip\footins=9.0pt plus 4.0pt minus 2.0pt
* \hoffset=0.0pt
* \voffset=0.0pt
* \mag=1000
* \@twocolumnfalse
* \@twosidefalse
* \@mparswitchfalse
* \@reversemarginfalse
* (1in=72.27pt=25.4mm, 1cm=28.453pt)

(C:\Users\kales\AppData\Local\MiKTeX\tex/context/base/mkii\supp-pdf.mkii
[Loading MPS to PDF converter (version 2006.09.02).]
\scratchcounter=\count299
\scratchdimen=\dimen274
\scratchbox=\box64
\nofMPsegments=\count300
\nofMParguments=\count301
\everyMPshowfont=\toks45
\MPscratchCnt=\count302
\MPscratchDim=\dimen275
\MPnumerator=\count303
\makeMPintoPDFobject=\count304
\everyMPtoPDFconversion=\toks46
) (C:\Users\kales\AppData\Local\MiKTeX\tex/latex/epstopdf-pkg\epstopdf-base.sty
Package: epstopdf-base 2020-01-24 v2.11 Base part for package epstopdf
Package epstopdf-base Info: Redefining graphics rule for `.eps' on input line 4
85.
)
Package caption Info: Begin \AtBeginDocument code.
Package caption Info: float package is loaded.
Package caption Info: End \AtBeginDocument code.
LaTeX Font Info:    Trying to load font information for U+msa on input line 25.

 (C:\Users\kales\AppData\Local\MiKTeX\tex/latex/amsfonts\umsa.fd
File: umsa.fd 2013/01/14 v3.01 AMS symbols A
)
LaTeX Font Info:    Trying to load font information for U+msb on input line 25.


(C:\Users\kales\AppData\Local\MiKTeX\tex/latex/amsfonts\umsb.fd
File: umsb.fd 2013/01/14 v3.01 AMS symbols B
)
<apparatus.png, id=4, 255.354pt x 156.585pt>
File: apparatus.png Graphic file (type png)
<use apparatus.png>
Package pdftex.def Info: apparatus.png  used on input line 43.
(pdftex.def)             Requested size: 211.38832pt x 129.62862pt.
<x-ray tube.png, id=6, 268.00125pt x 270.10913pt>
File: x-ray tube.png Graphic file (type png)
<use x-ray tube.png>
Package pdftex.def Info: x-ray tube.png  used on input line 53.
(pdftex.def)             Requested size: 105.69415pt x 106.52501pt.
<goniometer.png, id=7, 232.16737pt x 246.01912pt>
File: goniometer.png Graphic file (type png)
<use goniometer.png>
Package pdftex.def Info: goniometer.png  used on input line 61.
(pdftex.def)             Requested size: 105.69415pt x 111.99893pt.


LaTeX Warning: `!h' float specifier changed to `!ht'.

[1

{C:/Users/kales/AppData/Local/MiKTeX/pdftex/config/pdftex.map} <./apparatus.png
>] [2 <./x-ray tube.png> <./goniometer.png>] [3] (X-Ray Diffraction Lab.aux) ) 
Here is how much of TeX's memory you used:
 15603 strings out of 479334
 303789 string characters out of 2861332
 599438 words of memory out of 3000000
 32787 multiletter control sequences out of 15000+200000
 411900 words of font info for 60 fonts, out of 3000000 for 9000
 1141 hyphenation exceptions out of 8191
 113i,11n,116p,434b,515s stack positions out of 5000i,500n,10000p,200000b,50000s
<
C:/Users/kales/AppData/Local/MiKTeX/fonts/type1/public/amsfonts/cm/cmbx10.pfb><
C:/Users/kales/AppData/Local/MiKTeX/fonts/type1/public/amsfonts/cm/cmbx12.pfb><
C:/Users/kales/AppData/Local/MiKTeX/fonts/type1/public/amsfonts/cm/cmbx9.pfb><C
:/Users/kales/AppData/Local/MiKTeX/fonts/type1/public/amsfonts/cm/cmmi10.pfb><C
:/Users/kales/AppData/Local/MiKTeX/fonts/type1/public/amsfonts/cm/cmmi7.pfb><C:
/Users/kales/AppData/Local/MiKTeX/fonts/type1/public/amsfonts/cm/cmr10.pfb><C:/
Users/kales/AppData/Local/MiKTeX/fonts/type1/public/amsfonts/cm/cmr12.pfb><C:/U
sers/kales/AppData/Local/MiKTeX/fonts/type1/public/amsfonts/cm/cmr17.pfb><C:/Us
ers/kales/AppData/Local/MiKTeX/fonts/type1/public/amsfonts/cm/cmr9.pfb><C:/User
s/kales/AppData/Local/MiKTeX/fonts/type1/public/amsfonts/cm/cmsy10.pfb><C:/User
s/kales/AppData/Local/MiKTeX/fonts/type1/public/amsfonts/cm/cmsy7.pfb>
Output written on "X-Ray Diffraction Lab.pdf" (3 pages, 548059 bytes).
PDF statistics:
 66 PDF objects out of 1000 (max. 8388607)
 0 named destinations out of 1000 (max. 500000)
 28 words of extra memory for PDF output out of 10000 (max. 10000000)

